/usr/bin/codesign --force --sign F45B6CC8C0CEDBF75E5ED70D1965135EEC902542  -dvvv --preserve-metadata=identifier,entitlements '/Users/florian/github/player-sdk-swift/DerivedData/Build/Products/Debug/YbridOgg.framework'

Executable=/Users/florian/github/player-sdk-swift/DerivedData/Build/Products/Debug/YbridOgg.framework/Versions/Current/YbridOgg
Identifier=io.ybrid.ogg-swift
Format=bundle with Mach-O universal (x86_64 arm64)
CodeDirectory v=20400 size=662 flags=0x0(none) hashes=14+3 location=embedded
Hash type=sha256 size=32
CandidateCDHash sha1=09f48e5fd1463e35b23d22473ca671ad2ead1a2c
CandidateCDHashFull sha1=09f48e5fd1463e35b23d22473ca671ad2ead1a2c
CandidateCDHash sha256=e2d573ca11d181e01c217d2f774c6745d2844c31
CandidateCDHashFull sha256=e2d573ca11d181e01c217d2f774c6745d2844c31ac19feb8559d65ae1d224cc7
Hash choices=sha1,sha256
CMSDigest=cbf812cf961b530248e252946f21c0127e522e60b12852c32dfac85f2e279205
CMSDigestType=2
CDHash=e2d573ca11d181e01c217d2f774c6745d2844c31
Signature size=4834
Authority=Apple Development: florian.nowotny@nacamar.de (22H75D2B2Y)
Authority=Apple Worldwide Developer Relations Certification Authority
Authority=Apple Root CA
Signed Time=8. Feb 2021 at 10:25:52
Info.plist entries=22
TeamIdentifier=PF7PNM95XY
Sealed Resources version=2 rules=13 files=6
Internal requirements count=1 size=196